#
# A fatal error has been detected by the Java Runtime Environment:
#
#  Internal Error (os_windows_x86.cpp:114), pid=192, tid=3988
#  Error: guarantee(result == -1,"Unexpected result from topLevelExceptionFilter")
#
# JRE version: 6.0_17-b04
# Java VM: Java HotSpot(TM) 64-Bit Server VM (14.3-b01 mixed mode windows-amd64 )
# If you would like to submit a bug report, please visit:
#   http://java.sun.com/webapps/bugreport/crash.jsp
# The crash happened outside the Java Virtual Machine in native code.
# See problematic frame for where to report the bug.
#

---------------  T H R E A D  ---------------

Current thread (0x0000000002969800):  JavaThread "main" [_thread_in_native, id=3988, stack(0x00000000000a0000,0x00000000015a0000)]

Stack: [0x00000000000a0000,0x00000000015a0000]
[error occurred during error reporting (printing stack bounds), id 0xc0000005]

Java frames: (J=compiled Java code, j=interpreted, Vv=VM code)
j  com.mathworks.jmi.NativeMatlab.ProcessPendingEvents()Z+0
j  com.mathworks.jmi.NativeMatlab.processPendingEvents()Z+8
j  com.mathworks.jmi.Matlab$ProcessPendingEvents.callBooleanMethod(Ljava/lang/Object;)Z+0
j  com.mathworks.util.FactoryUtils.processPendingEvents()Z+12
j  com.mathworks.mde.desk.MLDesktop.canClose()Z+84
j  com.mathworks.mde.desk.MLDesktop$2.call()Ljava/lang/Boolean;+4
j  com.mathworks.mde.desk.MLDesktop$2.call()Ljava/lang/Object;+1
j  com.mathworks.jmi.Matlab.isOkToExit()Z+54
v  ~StubRoutines::call_stub
J  com.mathworks.jmi.NativeMatlab.SendMatlabMessage(Ljava/lang/Object;)Ljava/lang/Object;
J  com.mathworks.jmi.Matlab.mtFevalConsoleOutput(Ljava/lang/String;[Ljava/lang/Object;I)Ljava/lang/Object;
j  com.mathworks.mde.desk.MLDesktop$8.run()V+14
j  com.mathworks.jmi.NativeMatlab.dispatchMTRequests(Z)V+50
v  ~StubRoutines::call_stub

---------------  P R O C E S S  ---------------

Java Threads: ( => current thread )
  0x0000000038897000 JavaThread "Thread-1712" [_thread_in_native, id=2488, stack(0x00000000081e0000,0x0000000008260000)]
  0x0000000038892000 JavaThread "Timer-InstrumentReadWritePoll" [_thread_blocked, id=4524, stack(0x00000000362e0000,0x0000000036360000)]
  0x0000000038890800 JavaThread "Foxtrot Multi Worker Thread Runner #1" daemon [_thread_blocked, id=2968, stack(0x0000000035f20000,0x0000000035fa0000)]
  0x0000000038895000 JavaThread "RequestQueue for GenericFileList" [_thread_blocked, id=3648, stack(0x0000000012b70000,0x0000000012bf0000)]
  0x0000000038891800 JavaThread "Timer-4" daemon [_thread_blocked, id=4004, stack(0x0000000034e40000,0x0000000034ec0000)]
  0x0000000038890000 JavaThread "Prefs Updater" daemon [_thread_blocked, id=1068, stack(0x0000000034f50000,0x0000000034fd0000)]
  0x00000000340b8000 JavaThread "Timer-1" [_thread_blocked, id=3124, stack(0x0000000039890000,0x0000000039910000)]
  0x00000000340b7000 JavaThread "FelixPackageAdmin" daemon [_thread_blocked, id=4604, stack(0x0000000034500000,0x0000000034580000)]
  0x00000000340b6800 JavaThread "FelixStartLevel" daemon [_thread_blocked, id=4612, stack(0x0000000039700000,0x0000000039780000)]
  0x00000000340b6000 JavaThread "FelixDispatchQueue" daemon [_thread_blocked, id=4740, stack(0x0000000030b00000,0x0000000030b80000)]
  0x0000000033eda800 JavaThread "TimerQueue" daemon [_thread_blocked, id=3048, stack(0x0000000034c90000,0x0000000034d10000)]
  0x0000000033e3e800 JavaThread "AWT-EventQueue-0" [_thread_in_Java, id=3280, stack(0x00000000345a0000,0x0000000034620000)]
  0x0000000033e03000 JavaThread "com.google.common.base.internal.Finalizer" daemon [_thread_blocked, id=3024, stack(0x0000000034460000,0x00000000344e0000)]
  0x0000000033df8800 JavaThread "AWT-Windows" daemon [_thread_in_native, id=4736, stack(0x00000000342b0000,0x0000000034330000)]
  0x0000000033df8000 JavaThread "AWT-Shutdown" [_thread_blocked, id=4424, stack(0x000000002c610000,0x000000002c690000)]
  0x0000000033a26800 JavaThread "Java2D Disposer" daemon [_thread_blocked, id=1244, stack(0x0000000032090000,0x0000000032110000)]
  0x0000000033774000 JavaThread "Timer-0" [_thread_blocked, id=4672, stack(0x000000002de10000,0x000000002de90000)]
  0x0000000033728800 JavaThread "JMI Unnamed Thread" [_thread_in_native, id=3132, stack(0x0000000009ef0000,0x000000000b3f0000)]
  0x000000002dc82000 JavaThread "Low Memory Detector" daemon [_thread_blocked, id=3472, stack(0x000000000ff60000,0x000000000ffe0000)]
  0x000000002dc80800 JavaThread "CompilerThread1" daemon [_thread_blocked, id=3368, stack(0x0000000030b90000,0x0000000032090000)]
  0x000000002dc75000 JavaThread "CompilerThread0" daemon [_thread_blocked, id=4940, stack(0x000000002f600000,0x0000000030b00000)]
  0x000000002dc74000 JavaThread "Attach Listener" daemon [_thread_blocked, id=3572, stack(0x000000002c530000,0x000000002c5b0000)]
  0x0000000002a28800 JavaThread "Finalizer" daemon [_thread_blocked, id=4352, stack(0x000000000cab0000,0x000000000cb30000)]
  0x0000000002a20000 JavaThread "Reference Handler" daemon [_thread_blocked, id=3096, stack(0x0000000011040000,0x00000000110c0000)]
=>0x0000000002969800 JavaThread "main" [_thread_in_native, id=3988, stack(0x00000000000a0000,0x00000000015a0000)]

Other Threads:
  0x000000002dc30800 VMThread [stack: 0x000000002df10000,0x000000002f410000] [id=4120]
  0x000000002dd06800 WatcherThread [stack: 0x0000000032180000,0x0000000033680000] [id=4156]

VM state:not at safepoint (normal execution)

VM Mutex/Monitor currently owned by a thread: None

Heap
 PSYoungGen      total 16000K, used 6551K [0x0000000027eb0000, 0x0000000028eb0000, 0x000000002afb0000)
  eden space 15872K, 40% used [0x0000000027eb0000,0x0000000028505da0,0x0000000028e30000)
  from space 128K, 50% used [0x0000000028e90000,0x0000000028ea0000,0x0000000028eb0000)
  to   space 256K, 0% used [0x0000000028e30000,0x0000000028e30000,0x0000000028e70000)
 PSOldGen        total 49152K, used 34685K [0x000000001ebb0000, 0x0000000021bb0000, 0x0000000027eb0000)
  object space 49152K, 70% used [0x000000001ebb0000,0x0000000020d8f590,0x0000000021bb0000)
 PSPermGen       total 95552K, used 53725K [0x0000000016bb0000, 0x000000001c900000, 0x000000001ebb0000)
  object space 95552K, 56% used [0x0000000016bb0000,0x000000001a027520,0x000000001c900000)

Dynamic libraries:
0x000000013f530000 - 0x000000013f559000 	C:\Program Files\MATLAB\R2011a\bin\win64\MATLAB.exe
0x0000000077010000 - 0x00000000771b9000 	C:\Windows\SYSTEM32\ntdll.dll
0x0000000076be0000 - 0x0000000076cff000 	C:\Windows\system32\kernel32.dll
0x000007fefd7d0000 - 0x000007fefd83b000 	C:\Windows\system32\KERNELBASE.dll
0x0000000074460000 - 0x0000000074569000 	C:\Program Files\MATLAB\R2011a\bin\win64\libut.dll
0x00000000758a0000 - 0x0000000075920000 	C:\Program Files\MATLAB\R2011a\bin\win64\libmwi18n.dll
0x0000000180000000 - 0x000000018000b000 	C:\Program Files\MATLAB\R2011a\bin\win64\libmwresource_core.dll
0x0000000070a70000 - 0x0000000070b43000 	C:\Windows\WinSxS\amd64_microsoft.vc90.crt_1fc8b3b9a1e18e3b_9.0.30729.4940_none_08e4299fa83d7e3c\MSVCP90.dll
0x0000000071120000 - 0x00000000711bd000 	C:\Windows\WinSxS\amd64_microsoft.vc90.crt_1fc8b3b9a1e18e3b_9.0.30729.4940_none_08e4299fa83d7e3c\MSVCR90.dll
0x000000007a3b0000 - 0x000000007a3c0000 	C:\Program Files\MATLAB\R2011a\bin\win64\boost_date_time-vc90-mt-1_40.dll
0x000000007a170000 - 0x000000007a189000 	C:\Program Files\MATLAB\R2011a\bin\win64\boost_filesystem-vc90-mt-1_40.dll
0x000000007a560000 - 0x000000007a569000 	C:\Program Files\MATLAB\R2011a\bin\win64\boost_system-vc90-mt-1_40.dll
0x000000007a2d0000 - 0x000000007a2e2000 	C:\Program Files\MATLAB\R2011a\bin\win64\boost_thread-vc90-mt-1_40.dll
0x000000007a010000 - 0x000000007a035000 	C:\Program Files\MATLAB\R2011a\bin\win64\LIBEXPAT.dll
0x00000000739d0000 - 0x0000000073b8c000 	C:\Program Files\MATLAB\R2011a\bin\win64\icuin42.dll
0x00000000740b0000 - 0x0000000074223000 	C:\Program Files\MATLAB\R2011a\bin\win64\icuuc42.dll
0x000007fefd840000 - 0x000007fefd91b000 	C:\Windows\system32\ADVAPI32.dll
0x000007feff0e0000 - 0x000007feff17f000 	C:\Windows\system32\msvcrt.dll
0x000007fefdd50000 - 0x000007fefdd6f000 	C:\Windows\SYSTEM32\sechost.dll
0x000007feff1f0000 - 0x000007feff31d000 	C:\Windows\system32\RPCRT4.dll
0x0000000010000000 - 0x0000000010f47000 	C:\Program Files\MATLAB\R2011a\bin\win64\icudt42.dll
0x0000000073f70000 - 0x000000007407d000 	C:\Program Files\MATLAB\R2011a\bin\win64\libmwfl.dll
0x00000000017d0000 - 0x0000000001863000 	C:\Program Files\MATLAB\R2011a\bin\win64\libmwMATLAB_res.dll
0x000000007a250000 - 0x000000007a263000 	C:\Program Files\MATLAB\R2011a\bin\win64\boost_signals-vc90-mt-1_40.dll
0x0000000001870000 - 0x00000000018b6000 	C:\Program Files\MATLAB\R2011a\bin\win64\tbb.dll
0x000007fefdb40000 - 0x000007fefdb57000 	C:\Windows\system32\imagehlp.dll
0x00000000771e0000 - 0x00000000771e7000 	C:\Windows\system32\PSAPI.DLL
0x000000007a3d0000 - 0x000000007a3e3000 	C:\Program Files\MATLAB\R2011a\bin\win64\icuio42.dll
0x000007fef6780000 - 0x000007fef68a5000 	C:\Windows\system32\dbghelp.dll
0x0000000076d00000 - 0x0000000076dfa000 	C:\Windows\system32\USER32.dll
0x000007feff180000 - 0x000007feff1e7000 	C:\Windows\system32\GDI32.dll
0x000007fefdb60000 - 0x000007fefdb6e000 	C:\Windows\system32\LPK.dll
0x000007fefddf0000 - 0x000007fefdeb9000 	C:\Windows\system32\USP10.dll
0x000000007bed0000 - 0x000000007c0f5000 	C:\Program Files\MATLAB\R2011a\bin\win64\libmwservices.dll
0x0000000075a20000 - 0x0000000075ab2000 	C:\Program Files\MATLAB\R2011a\bin\win64\libmx.dll
0x000000007a210000 - 0x000000007a226000 	C:\Program Files\MATLAB\R2011a\bin\win64\zlib1.dll
0x0000000074330000 - 0x000000007444b000 	C:\Program Files\MATLAB\R2011a\bin\win64\libmwmathutil.dll
0x00000000018d0000 - 0x0000000001924000 	C:\Program Files\MATLAB\R2011a\bin\win64\mpath.dll
0x000000007b680000 - 0x000000007b982000 	C:\Program Files\MATLAB\R2011a\bin\win64\mlutil.dll
0x0000000001950000 - 0x00000000019d2000 	C:\Program Files\MATLAB\R2011a\bin\win64\xmlcore.dll
0x000000007bc30000 - 0x000000007be83000 	C:\Program Files\MATLAB\R2011a\bin\win64\xerces-c_2_7.dll
0x000007feff090000 - 0x000007feff0dd000 	C:\Windows\system32\WS2_32.dll
0x000007fefe0d0000 - 0x000007fefe0d8000 	C:\Windows\system32\NSI.dll
0x000007fefe260000 - 0x000007fefefe8000 	C:\Windows\system32\SHELL32.dll
0x000007fefdac0000 - 0x000007fefdb31000 	C:\Windows\system32\SHLWAPI.dll
0x000007fef9bd0000 - 0x000007fef9c70000 	C:\Windows\WinSxS\amd64_microsoft.windows.common-controls_6595b64144ccf1df_5.82.7601.17514_none_a4d6a923711520a9\COMCTL32.dll
0x000007fefe0e0000 - 0x000007fefe177000 	C:\Windows\system32\COMDLG32.dll
0x000007fefb7d0000 - 0x000007fefb7e6000 	C:\Windows\system32\NETAPI32.dll
0x000007fefb7c0000 - 0x000007fefb7cc000 	C:\Windows\system32\netutils.dll
0x000007fefcfc0000 - 0x000007fefcfe3000 	C:\Windows\system32\srvcli.dll
0x000007fefb7a0000 - 0x000007fefb7b5000 	C:\Windows\system32\wkscli.dll
0x000007fefdec0000 - 0x000007fefe0c3000 	C:\Windows\system32\ole32.dll
0x000007fefe180000 - 0x000007fefe257000 	C:\Windows\system32\OLEAUT32.dll
0x0000000074970000 - 0x0000000074a34000 	C:\Program Files\MATLAB\R2011a\bin\win64\mcr.dll
0x0000000075000000 - 0x00000000750e4000 	C:\Program Files\MATLAB\R2011a\bin\win64\iqm.dll
0x0000000001a20000 - 0x00000000021bc000 	C:\Program Files\MATLAB\R2011a\bin\win64\m_interpreter.dll
0x0000000074260000 - 0x000000007426f000 	C:\Program Files\MATLAB\R2011a\bin\win64\libmex.dll
0x0000000073e80000 - 0x0000000073f24000 	C:\Program Files\MATLAB\R2011a\bin\win64\m_dispatcher.dll
0x0000000074880000 - 0x0000000074945000 	C:\Program Files\MATLAB\R2011a\bin\win64\boost_regex-vc90-mt-1_40.dll
0x0000000073e00000 - 0x0000000073e7f000 	C:\Program Files\MATLAB\R2011a\bin\win64\profiler.dll
0x0000000079f40000 - 0x0000000079f6c000 	C:\Program Files\MATLAB\R2011a\bin\win64\libmwmathrng.dll
0x0000000074240000 - 0x0000000074260000 	C:\Program Files\MATLAB\R2011a\bin\win64\m_pcodeio.dll
0x0000000079b10000 - 0x0000000079b71000 	C:\Program Files\MATLAB\R2011a\bin\win64\m_ir.dll
0x000000006f240000 - 0x000000006f87b000 	C:\Program Files\MATLAB\R2011a\bin\win64\m_parser.dll
0x0000000002250000 - 0x0000000002269000 	C:\Program Files\MATLAB\R2011a\bin\win64\ir_xfmr.dll
0x00000000702a0000 - 0x00000000704eb000 	C:\Program Files\MATLAB\R2011a\bin\win64\mcos.dll
0x0000000002290000 - 0x000000000229c000 	C:\Program Files\MATLAB\R2011a\bin\win64\mtok.dll
0x00000000022b0000 - 0x00000000022db000 	C:\Program Files\MATLAB\R2011a\bin\win64\m_pcodegen.dll
0x0000000076160000 - 0x00000000761c2000 	C:\Program Files\MATLAB\R2011a\bin\win64\libmwspmatrix.dll
0x0000000079fb0000 - 0x0000000079fde000 	C:\Program Files\MATLAB\R2011a\bin\win64\libmwbridge.dll
0x0000000073d40000 - 0x0000000073df9000 	C:\Program Files\MATLAB\R2011a\bin\win64\udd.dll
0x00000000731b0000 - 0x00000000732f1000 	C:\Program Files\MATLAB\R2011a\bin\win64\libmwgui.dll
0x0000000002330000 - 0x0000000002347000 	C:\Program Files\MATLAB\R2011a\bin\win64\graphics_util.dll
0x000000006e9c0000 - 0x000000006f240000 	C:\Program Files\MATLAB\R2011a\bin\win64\hg.dll
0x0000000076100000 - 0x000000007614f000 	C:\Program Files\MATLAB\R2011a\bin\win64\libmat.dll
0x0000000072d30000 - 0x0000000072f33000 	C:\Program Files\MATLAB\R2011a\bin\win64\libhdf5.dll
0x0000000071060000 - 0x00000000710db000 	C:\Program Files\MATLAB\R2011a\bin\win64\jmi.dll
0x00000000023a0000 - 0x00000000023ae000 	C:\Program Files\MATLAB\R2011a\bin\win64\nativejava_services.dll
0x0000000071aa0000 - 0x0000000071adc000 	C:\Program Files\MATLAB\R2011a\bin\win64\libmwhardcopy.dll
0x0000000071000000 - 0x0000000071058000 	C:\Program Files\MATLAB\R2011a\bin\win64\libuij.dll
0x00000000700b0000 - 0x0000000070293000 	C:\Program Files\MATLAB\R2011a\bin\win64\hgdatatypes.dll
0x0000000070f40000 - 0x0000000070ffc000 	C:\Program Files\MATLAB\R2011a\bin\win64\hgutils.dll
0x0000000070030000 - 0x00000000700ac000 	C:\Program Files\MATLAB\R2011a\bin\win64\libmwlapack.dll
0x0000000002410000 - 0x0000000002422000 	C:\Program Files\MATLAB\R2011a\bin\win64\libmwbinder.dll
0x0000000002440000 - 0x000000000244b000 	C:\Program Files\MATLAB\R2011a\bin\win64\libmwompwrapper.dll
0x0000000002460000 - 0x0000000002724000 	C:\Program Files\MATLAB\R2011a\bin\win64\uiw.dll
0x0000000073d30000 - 0x0000000073d3a000 	C:\Program Files\MATLAB\R2011a\bin\win64\uinone.dll
0x000000006e4d0000 - 0x000000006e9b4000 	C:\Windows\WinSxS\amd64_microsoft.vc90.mfc_1fc8b3b9a1e18e3b_9.0.30729.4148_none_04480933ab2137b1\mfc90.dll
0x000007fefa520000 - 0x000007fefa527000 	C:\Windows\system32\MSIMG32.dll
0x000007fef9b50000 - 0x000007fef9bc1000 	C:\Windows\system32\WINSPOOL.DRV
0x000000006e420000 - 0x000000006e4c9000 	C:\Program Files\MATLAB\R2011a\bin\win64\udd_mi.dll
0x0000000070930000 - 0x000000007094b000 	C:\Program Files\MATLAB\R2011a\bin\win64\mwoles05.DLL
0x000000006ffc0000 - 0x000000007002e000 	C:\Program Files\MATLAB\R2011a\bin\win64\comcli.dll
0x0000000071200000 - 0x000000007122f000 	C:\Windows\WinSxS\amd64_microsoft.vc90.atl_1fc8b3b9a1e18e3b_9.0.30729.4148_none_0a1d2fcba76b3f00\ATL90.DLL
0x00000000731a0000 - 0x00000000731ac000 	C:\Program Files\MATLAB\R2011a\bin\win64\mlautoregister.dll
0x0000000002790000 - 0x000000000279d000 	C:\Program Files\MATLAB\R2011a\bin\win64\boost_iostreams-vc90-mt-1_40.dll
0x000007fefd920000 - 0x000007fefd94e000 	C:\Windows\system32\IMM32.DLL
0x000007fefd950000 - 0x000007fefda59000 	C:\Windows\system32\MSCTF.dll
0x000007fefbeb0000 - 0x000007fefbf06000 	C:\Windows\system32\UxTheme.dll
0x000007fefba80000 - 0x000007fefba98000 	C:\Windows\system32\dwmapi.dll
0x00000000730b0000 - 0x00000000730bd000 	C:\Windows\WinSxS\amd64_microsoft.vc90.mfcloc_1fc8b3b9a1e18e3b_9.0.30729.4148_none_01c6b44660ce74c3\MFC90ENU.DLL
0x000007fefd470000 - 0x000007fefd47f000 	C:\Windows\system32\profapi.dll
0x000007fefd3a0000 - 0x000007fefd3af000 	C:\Windows\system32\CRYPTBASE.dll
0x000007fefc090000 - 0x000007fefc284000 	C:\Windows\WinSxS\amd64_microsoft.windows.common-controls_6595b64144ccf1df_6.0.7601.17514_none_fa396087175ac9ac\comctl32.dll
0x000007fefdb70000 - 0x000007fefdd47000 	C:\Windows\system32\SETUPAPI.dll
0x000007fefd730000 - 0x000007fefd766000 	C:\Windows\system32\CFGMGR32.dll
0x000007fefd7b0000 - 0x000007fefd7ca000 	C:\Windows\system32\DEVOBJ.dll
0x000007fefeff0000 - 0x000007feff089000 	C:\Windows\system32\CLBCatQ.DLL
0x000007fefbf10000 - 0x000007fefc03c000 	C:\Windows\system32\propsys.dll
0x000007fefc590000 - 0x000007fefc5bd000 	C:\Windows\system32\ntmarta.dll
0x000007fefda60000 - 0x000007fefdab2000 	C:\Windows\system32\WLDAP32.dll
0x0000000004650000 - 0x0000000004679000 	C:\Program Files\MATLAB\R2011a\bin\win64\tbbmalloc.dll
0x000007fefa950000 - 0x000007fefa977000 	C:\Windows\system32\iphlpapi.dll
0x000007fefa940000 - 0x000007fefa94b000 	C:\Windows\system32\WINNSI.DLL
0x000007fefcb20000 - 0x000007fefcb7b000 	C:\Windows\system32\DNSAPI.dll
0x000007fef9920000 - 0x000007fef9931000 	C:\Windows\system32\dhcpcsvc6.DLL
0x000007fef9940000 - 0x000007fef9958000 	C:\Windows\system32\dhcpcsvc.DLL
0x000007fefd310000 - 0x000007fefd335000 	C:\Windows\system32\SspiCli.dll
0x0000000070f30000 - 0x0000000070f33000 	C:\Windows\system32\icmp.Dll
0x0000000078870000 - 0x0000000078ecd000 	C:\Program Files\MATLAB\R2011a\sys\java\jre\win64\jre\bin\server\jvm.dll
0x000007fefb220000 - 0x000007fefb25b000 	C:\Windows\system32\WINMM.dll
0x000000007a440000 - 0x000000007a44e000 	C:\Program Files\MATLAB\R2011a\sys\java\jre\win64\jre\bin\verify.dll
0x000000007a070000 - 0x000000007a097000 	C:\Program Files\MATLAB\R2011a\sys\java\jre\win64\jre\bin\java.dll
0x000000007a540000 - 0x000000007a54a000 	C:\Program Files\MATLAB\R2011a\sys\java\jre\win64\jre\bin\hpi.dll
0x000000007a370000 - 0x000000007a382000 	C:\Program Files\MATLAB\R2011a\sys\java\jre\win64\jre\bin\zip.dll
0x0000000075b90000 - 0x0000000075bfb000 	C:\Program Files\MATLAB\R2011a\sys\java\jre\win64\jre\bin\fontmanager.dll
0x000000002f410000 - 0x000000002f5d1000 	C:\Program Files\MATLAB\R2011a\sys\java\jre\win64\jre\bin\awt.dll
0x0000000079cf0000 - 0x0000000079d36000 	C:\Program Files\MATLAB\R2011a\bin\win64\nativejmi.dll

VM Arguments:
jvm_args: -Xss512k -XX:PermSize=32m -Xms64m -XX:NewRatio=3 -XX:MaxPermSize=128m -Xmx196m -XX:MaxDirectMemorySize=2147400000 -Dsun.java2d.noddraw=true -Dsun.awt.nopixfmt=true -Xshare:off -Xrs -Dsun.awt.disableMixing=true -Djava.library.path=C:\Program Files\MATLAB\R2011a\bin\win64 vfprintf abort 
java_command: <unknown>
Launcher Type: generic

Environment Variables:
PATH=C:\Windows\system32;C:\Windows;C:\Windows\System32\Wbem;C:\Windows\System32\WindowsPowerShell\v1.0\;C:\Program Files (x86)\Common Files\Roxio Shared\DLLShared\;C:\Program Files (x86)\Common Files\Roxio Shared\10.0\DLLShared\;C:\Program Files\MATLAB\R2012a\runtime\win64;C:\Program Files\MATLAB\R2012a\bin;C:\Program Files (x86)\MATLAB\R2007b\bin;C:\Program Files (x86)\MATLAB\R2007b\bin\win32;C:\Program Files\MATLAB\R2011a\bin
USERNAME=mixing
OS=Windows_NT
PROCESSOR_IDENTIFIER=Intel64 Family 6 Model 23 Stepping 6, GenuineIntel



---------------  S Y S T E M  ---------------

OS: Windows 7 Build 7601 Service Pack 1

CPU:total 2 (2 cores per cpu, 1 threads per core) family 6 model 23 stepping 6, cmov, cx8, fxsr, mmx, sse, sse2, sse3, ssse3, sse4.1

Memory: 4k page, physical 8386624k(6130692k free), swap 16771400k(14540796k free)

vm_info: Java HotSpot(TM) 64-Bit Server VM (14.3-b01) for windows-amd64 JRE (1.6.0_17-b04), built on Oct 11 2009 00:46:08 by "java_re" with MS VC++ 8.0

time: Sun Nov 30 14:07:58 2014
elapsed time: 126661 seconds

